<?xml version="1.0" encoding="UTF-8"?>
<!-- Generated by org.testng.reporters.JUnitReportReporter -->
<testsuite hostname="TABLET-SC3VFD21" failures="0" tests="4" name="org.xyz.HandlekbMsWi" time="13.392" errors="0" timestamp="2024-12-06T19:44:17 EST" skipped="2">
  <testcase classname="org.xyz.HandlekbMsWi" name="handleFrames" time="5.992"/>
  <system-out/>
  <testcase classname="org.xyz.HandlekbMsWi" name="handleAlerts" time="7.400"/>
  <system-out/>
  <testcase classname="org.xyz.HandlekbMsWi" name="handleKeyboard">
    <skipped/>
  </testcase> <!-- handleKeyboard -->
  <system-out/>
  <testcase classname="org.xyz.HandlekbMsWi" name="handleMouse">
    <skipped/>
  </testcase> <!-- handleMouse -->
  <system-out/>
</testsuite> <!-- org.xyz.HandlekbMsWi -->
