<?xml version="1.0" encoding="UTF-8"?>
<!-- Generated by org.testng.reporters.JUnitReportReporter -->
<testsuite hostname="TABLET-SC3VFD21" failures="0" tests="1" name="org.xyz.FetchDataRuntime" time="3.320" errors="0" timestamp="2024-12-03T20:43:36 EST" skipped="0">
  <testcase classname="org.xyz.FetchDataRuntime" name="checkthefields" time="3.320"/>
  <system-out/>
</testsuite> <!-- org.xyz.FetchDataRuntime -->
