<?xml version="1.0" encoding="UTF-8"?>
<!-- Generated by org.testng.reporters.JUnitReportReporter -->
<testsuite hostname="TABLET-SC3VFD21" failures="0" tests="1" name="org.blackplanet.automation.tb.testcases.LoginScenario" time="10.073" errors="0" timestamp="2024-12-10T20:14:23 EST" skipped="0">
  <testcase classname="org.blackplanet.automation.tb.testcases.LoginScenario" name="tc01_validate_validcred_loginfunct" time="10.073"/>
  <system-out/>
</testsuite> <!-- org.blackplanet.automation.tb.testcases.LoginScenario -->
