<?xml version="1.0" encoding="UTF-8"?>
<!-- Generated by org.testng.reporters.JUnitReportReporter -->
<testsuite hostname="TABLET-SC3VFD21" failures="0" tests="4" name="DemoTestNG.SecondScenario" time="0.003" errors="0" timestamp="2024-12-01T17:05:30 EST" skipped="0">
  <testcase classname="DemoTestNG.SecondScenario" name="second_testcase" time="0.001"/>
  <system-out/>
  <testcase classname="DemoTestNG.SecondScenario" name="first_testcase" time="0.000"/>
  <system-out/>
  <testcase classname="DemoTestNG.SecondScenario" name="fourth_testcase" time="0.001"/>
  <system-out/>
  <testcase classname="DemoTestNG.SecondScenario" name="third_testcase" time="0.001"/>
  <system-out/>
</testsuite> <!-- DemoTestNG.SecondScenario -->
