<?xml version="1.0" encoding="UTF-8"?>
<!-- Generated by org.testng.reporters.JUnitReportReporter -->
<testsuite hostname="TABLET-SC3VFD21" failures="0" tests="1" name="org.blackplanet.automation.tb.testcases.SignupScenario" time="7.902" errors="0" timestamp="2024-12-12T22:36:15 EST" skipped="0">
  <testcase classname="org.blackplanet.automation.tb.testcases.SignupScenario" name="tc02_validate_validcred_signupfunct" time="7.902"/>
  <system-out/>
</testsuite> <!-- org.blackplanet.automation.tb.testcases.SignupScenario -->
