<?xml version="1.0" encoding="UTF-8"?>
<!-- Generated by org.testng.reporters.JUnitReportReporter -->
<testsuite hostname="TABLET-SC3VFD21" failures="0" tests="2" name="org.xyz.BrowserControl" time="9.633" errors="0" timestamp="2024-12-06T16:41:07 EST" skipped="1">
  <testcase classname="org.xyz.BrowserControl" name="dropdown_newaccount" time="9.633"/>
  <system-out/>
  <testcase classname="org.xyz.BrowserControl" name="validate_diffbrowsercontrol">
    <skipped/>
  </testcase> <!-- validate_diffbrowsercontrol -->
  <system-out/>
</testsuite> <!-- org.xyz.BrowserControl -->
