<?xml version="1.0" encoding="UTF-8"?>
<!-- Generated by org.testng.reporters.JUnitReportReporter -->
<testsuite hostname="TABLET-SC3VFD21" failures="0" tests="1" name="org.xyz.FetchDataRuntime" time="28.644" errors="0" timestamp="2024-12-06T19:02:50 EST" skipped="0">
  <testcase classname="org.xyz.FetchDataRuntime" name="checkthefields" time="28.644"/>
  <system-out/>
</testsuite> <!-- org.xyz.FetchDataRuntime -->
