<?xml version="1.0" encoding="UTF-8"?>
<!-- Generated by org.testng.reporters.JUnitReportReporter -->
<testsuite hostname="TABLET-SC3VFD21" failures="0" tests="2" name="org.xyz.FirstAutomation" time="8.330" errors="0" timestamp="2024-12-01T18:59:34 EST" skipped="0">
  <testcase classname="org.xyz.FirstAutomation" name="validate_loginfunct" time="5.119"/>
  <system-out/>
  <testcase classname="org.xyz.FirstAutomation" name="validate_signupfunct" time="3.211"/>
  <system-out/>
</testsuite> <!-- org.xyz.FirstAutomation -->
