<?xml version="1.0" encoding="UTF-8"?>
<!-- Generated by org.testng.reporters.JUnitReportReporter -->
<testsuite hostname="TABLET-SC3VFD21" failures="0" tests="1" name="org.blackplanet.tb.basepkg.InitiateBrowser" time="8.298" errors="0" timestamp="2024-12-10T19:02:26 EST" skipped="0">
  <testcase classname="org.blackplanet.tb.basepkg.InitiateBrowser" name="launchBrower" time="8.298"/>
  <system-out/>
</testsuite> <!-- org.blackplanet.tb.basepkg.InitiateBrowser -->
