<?xml version="1.0" encoding="UTF-8"?>
<!-- Generated by org.testng.reporters.JUnitReportReporter -->
<testsuite hostname="TABLET-SC3VFD21" failures="0" tests="3" name="org.blackplanet.automation.tb.testcases.LoginScenario_DDF" time="16.668" errors="0" timestamp="2024-12-12T23:05:10 EST" skipped="0">
  <testcase classname="org.blackplanet.automation.tb.testcases.LoginScenario_DDF" name="tc01_vloginfunct" time="4.937"/>
  <system-out/>
  <testcase classname="org.blackplanet.automation.tb.testcases.LoginScenario_DDF" name="tc01_vloginfunct" time="6.456"/>
  <system-out/>
  <testcase classname="org.blackplanet.automation.tb.testcases.LoginScenario_DDF" name="tc01_vloginfunct" time="5.275"/>
  <system-out/>
</testsuite> <!-- org.blackplanet.automation.tb.testcases.LoginScenario_DDF -->
